#
# There is insufficient memory for the Java Runtime Environment to continue.
# Native memory allocation (malloc) failed to allocate 1631296 bytes for Chunk::new
# Possible reasons:
#   The system is out of physical RAM or swap space
#   In 32 bit mode, the process size limit was hit
# Possible solutions:
#   Reduce memory load on the system
#   Increase physical memory or swap space
#   Check if swap backing store is full
#   Use 64 bit Java on a 64 bit OS
#   Decrease Java heap size (-Xmx/-Xms)
#   Decrease number of Java threads
#   Decrease Java thread stack sizes (-Xss)
#   Set larger code cache with -XX:ReservedCodeCacheSize=
# This output file may be truncated or incomplete.
#
#  Out of Memory Error (allocation.cpp:390), pid=36244, tid=9004
#
# JRE version: Java(TM) SE Runtime Environment (8.0_60-b27) (build 1.8.0_60-b27)
# Java VM: Java HotSpot(TM) 64-Bit Server VM (25.60-b23 mixed mode windows-amd64 compressed oops)
# Failed to write core dump. Minidumps are not enabled by default on client versions of Windows
#

---------------  T H R E A D  ---------------

Current thread (0x0000000017dfe800):  JavaThread "C2 CompilerThread0" daemon [_thread_in_native, id=9004, stack(0x0000000019450000,0x0000000019550000)]

Stack: [0x0000000019450000,0x0000000019550000]
[error occurred during error reporting (printing stack bounds), id 0xc0000005]

Native frames: (J=compiled Java code, j=interpreted, Vv=VM code, C=native code)


Current CompileTask:
C2:1740557 22437 %     4       com.android.tools.r8.u.c.J::a @ 339 (953 bytes)


---------------  P R O C E S S  ---------------

Java Threads: ( => current thread )
  0x000000001a788800 JavaThread "WorkerExecutor Queue Thread 10" [_thread_blocked, id=1996, stack(0x000000002e8e0000,0x000000002e9e0000)]
  0x00000000211ae800 JavaThread "stdout" [_thread_in_native, id=41880, stack(0x000000002e630000,0x000000002e730000)]
  0x00000000211aa800 JavaThread "stderr" [_thread_in_native, id=3008, stack(0x000000002e530000,0x000000002e630000)]
  0x00000000211ad800 JavaThread "stdout" [_thread_in_native, id=31876, stack(0x000000002e430000,0x000000002e530000)]
  0x00000000211ac000 JavaThread "stderr" [_thread_in_native, id=4604, stack(0x000000002e330000,0x000000002e430000)]
  0x00000000211a9800 JavaThread "stdout" [_thread_in_native, id=40512, stack(0x000000002e230000,0x000000002e330000)]
  0x00000000211ac800 JavaThread "stderr" [_thread_in_native, id=1488, stack(0x000000002e130000,0x000000002e230000)]
  0x00000000211a9000 JavaThread "stdout" [_thread_in_native, id=41872, stack(0x000000002e030000,0x000000002e130000)]
  0x00000000211a0800 JavaThread "stderr" [_thread_in_native, id=34788, stack(0x000000002df30000,0x000000002e030000)]
  0x00000000211a7800 JavaThread "WorkerExecutor Queue Thread 9" [_thread_blocked, id=32404, stack(0x000000002de30000,0x000000002df30000)]
  0x00000000211a1800 JavaThread "WorkerExecutor Queue Thread 2" [_thread_blocked, id=20708, stack(0x00000000282d0000,0x00000000283d0000)]
  0x000000001b558800 JavaThread "stdout" [_thread_in_native, id=30816, stack(0x00000000280d0000,0x00000000281d0000)]
  0x000000001b556000 JavaThread "stderr" [_thread_in_native, id=24880, stack(0x0000000027fd0000,0x00000000280d0000)]
  0x000000001b555800 JavaThread "stdout" [_thread_in_native, id=32236, stack(0x0000000027da0000,0x0000000027ea0000)]
  0x000000001b55c000 JavaThread "stderr" [_thread_in_native, id=26120, stack(0x0000000027ca0000,0x0000000027da0000)]
  0x000000001b55b800 JavaThread "stdout" [_thread_in_native, id=8724, stack(0x0000000027ba0000,0x0000000027ca0000)]
  0x000000001b557000 JavaThread "stderr" [_thread_in_native, id=8224, stack(0x0000000027aa0000,0x0000000027ba0000)]
  0x000000001b54e000 JavaThread "stdout" [_thread_in_native, id=3332, stack(0x00000000279a0000,0x0000000027aa0000)]
  0x000000001b553000 JavaThread "stderr" [_thread_in_native, id=25104, stack(0x00000000277a0000,0x00000000278a0000)]
  0x000000001b554800 JavaThread "pool-27-thread-1" [_thread_blocked, id=10216, stack(0x00000000278a0000,0x00000000279a0000)]
  0x000000001b552800 JavaThread "Cache worker for execution history cache (C:\Users\Engr Onwe\Documents\Android Projects\GADsLeaderboard\.gradle\5.6.4\executionHistory)" [_thread_blocked, id=800, stack(0x0000000027ed0000,0x0000000027fd0000)]
  0x000000001b551800 JavaThread "Execution worker for ':' Thread 11" [_thread_blocked, id=29768, stack(0x00000000276a0000,0x00000000277a0000)]
  0x000000001b554000 JavaThread "Execution worker for ':' Thread 10" [_thread_blocked, id=4576, stack(0x00000000275a0000,0x00000000276a0000)]
  0x000000001b54e800 JavaThread "Execution worker for ':' Thread 9" [_thread_blocked, id=6132, stack(0x00000000274a0000,0x00000000275a0000)]
  0x000000001b551000 JavaThread "Execution worker for ':' Thread 8" [_thread_blocked, id=39528, stack(0x00000000270d0000,0x00000000271d0000)]
  0x000000001b54d000 JavaThread "Execution worker for ':' Thread 7" [_thread_in_Java, id=39396, stack(0x0000000026bd0000,0x0000000026cd0000)]
  0x000000001b6cd000 JavaThread "Execution worker for ':' Thread 6" [_thread_blocked, id=33364, stack(0x0000000026ad0000,0x0000000026bd0000)]
  0x000000001b6cc000 JavaThread "Execution worker for ':' Thread 5" [_thread_blocked, id=21340, stack(0x00000000269d0000,0x0000000026ad0000)]
  0x000000001b6cd800 JavaThread "Execution worker for ':' Thread 4" [_thread_blocked, id=34208, stack(0x00000000268d0000,0x00000000269d0000)]
  0x000000001b6cb800 JavaThread "Execution worker for ':' Thread 3" [_thread_blocked, id=19704, stack(0x00000000267d0000,0x00000000268d0000)]
  0x000000001b6c4000 JavaThread "Execution worker for ':' Thread 2" [_thread_blocked, id=2876, stack(0x0000000026450000,0x0000000026550000)]
  0x000000001b6ca800 JavaThread "Execution worker for ':'" [_thread_blocked, id=9336, stack(0x0000000026350000,0x0000000026450000)]
  0x000000001b6c3000 JavaThread "Cache worker for file content cache (C:\Users\Engr Onwe\Documents\Android Projects\GADsLeaderboard\.gradle\5.6.4\fileContent)" [_thread_blocked, id=5128, stack(0x0000000025730000,0x0000000025830000)]
  0x000000001b6c7800 JavaThread "Cache worker for Build Output Cleanup Cache (C:\Users\Engr Onwe\Documents\Android Projects\GADsLeaderboard\.gradle\buildOutputCleanup)" [_thread_blocked, id=18564, stack(0x00000000253d0000,0x00000000254d0000)]
  0x000000001b6c0000 JavaThread "Build operations Thread 12" [_thread_blocked, id=5252, stack(0x00000000250a0000,0x00000000251a0000)]
  0x000000001b6c7000 JavaThread "Build operations Thread 11" [_thread_blocked, id=28104, stack(0x0000000023fb0000,0x00000000240b0000)]
  0x000000001b6bf800 JavaThread "Build operations Thread 10" [_thread_blocked, id=37520, stack(0x00000000238b0000,0x00000000239b0000)]
  0x000000001b6c6000 JavaThread "Build operations Thread 9" [_thread_blocked, id=8092, stack(0x00000000237b0000,0x00000000238b0000)]
  0x000000001b6c1000 JavaThread "Build operations Thread 8" [_thread_blocked, id=34716, stack(0x00000000236b0000,0x00000000237b0000)]
  0x000000001b6c2800 JavaThread "Build operations Thread 7" [_thread_blocked, id=41744, stack(0x00000000235b0000,0x00000000236b0000)]
  0x000000001b6c4800 JavaThread "Build operations Thread 6" [_thread_blocked, id=14788, stack(0x00000000234b0000,0x00000000235b0000)]
  0x000000001b6c1800 JavaThread "Build operations Thread 5" [_thread_blocked, id=34704, stack(0x00000000233b0000,0x00000000234b0000)]
  0x000000001b6be800 JavaThread "Build operations Thread 4" [_thread_blocked, id=4772, stack(0x00000000232b0000,0x00000000233b0000)]
  0x000000001b6c5800 JavaThread "Build operations Thread 3" [_thread_blocked, id=15784, stack(0x00000000231b0000,0x00000000232b0000)]
  0x0000000028f2c800 JavaThread "Build operations Thread 2" [_thread_blocked, id=3336, stack(0x00000000230b0000,0x00000000231b0000)]
  0x0000000028f31000 JavaThread "Build operations" [_thread_blocked, id=37160, stack(0x0000000022fb0000,0x00000000230b0000)]
  0x0000000028f2e000 JavaThread "Cache worker for cache directory md-rule (C:\Users\Engr Onwe\.gradle\caches\5.6.4\md-rule)" [_thread_blocked, id=10376, stack(0x0000000020960000,0x0000000020a60000)]
  0x0000000028f2f800 JavaThread "Cache worker for cache directory md-supplier (C:\Users\Engr Onwe\.gradle\caches\5.6.4\md-supplier)" [_thread_blocked, id=34400, stack(0x0000000020860000,0x0000000020960000)]
  0x0000000028f2e800 JavaThread "Cache worker for file hash cache (C:\Users\Engr Onwe\Documents\Android Projects\GADsLeaderboard\.gradle\5.6.4\fileHashes)" [_thread_blocked, id=28292, stack(0x0000000020760000,0x0000000020860000)]
  0x0000000028f32800 JavaThread "Thread-103" [_thread_blocked, id=30728, stack(0x0000000020460000,0x0000000020560000)]
  0x0000000028f2d000 JavaThread "Stdin handler" [_thread_blocked, id=22560, stack(0x000000001d470000,0x000000001d570000)]
  0x0000000028f25000 JavaThread "Asynchronous log dispatcher for DefaultDaemonConnection: socket connection from /127.0.0.1:55283 to /127.0.0.1:55399" [_thread_blocked, id=2420, stack(0x000000001d170000,0x000000001d270000)]
  0x0000000028f29800 JavaThread "Daemon worker Thread 3" [_thread_blocked, id=21940, stack(0x000000001cf70000,0x000000001d070000)]
  0x0000000028f23800 JavaThread "Cancel handler" [_thread_blocked, id=25376, stack(0x000000001cc70000,0x000000001cd70000)]
  0x0000000028f28800 JavaThread "Handler for socket connection from /127.0.0.1:55283 to /127.0.0.1:55399" [_thread_in_native, id=20600, stack(0x000000001cb70000,0x000000001cc70000)]
  0x0000000028f28000 JavaThread "Daemon Thread 3" [_thread_blocked, id=8220, stack(0x00000000008c0000,0x00000000009c0000)]
  0x000000001b6c9000 JavaThread "Cache worker for Java compile cache (C:\Users\Engr Onwe\.gradle\caches\5.6.4\javaCompile)" [_thread_blocked, id=42148, stack(0x000000002a930000,0x000000002aa30000)]
  0x000000001b55a800 JavaThread "Cache worker for file content cache (C:\Users\Engr Onwe\.gradle\caches\5.6.4\fileContent)" [_thread_blocked, id=40164, stack(0x0000000024680000,0x0000000024780000)]
  0x000000001b54f800 JavaThread "Memory manager" [_thread_blocked, id=33244, stack(0x00000000240b0000,0x00000000241b0000)]
  0x000000001a78a000 JavaThread "Cache worker for execution history cache (C:\Users\Engr Onwe\.gradle\caches\5.6.4\executionHistory)" [_thread_blocked, id=23376, stack(0x0000000021ce0000,0x0000000021de0000)]
  0x000000001a78b000 JavaThread "Cache worker for journal cache (C:\Users\Engr Onwe\.gradle\caches\journal-1)" [_thread_blocked, id=8580, stack(0x000000001d770000,0x000000001d870000)]
  0x000000001a78d000 JavaThread "File lock request listener" [_thread_in_native, id=29556, stack(0x000000001d670000,0x000000001d770000)]
  0x000000001a78e800 JavaThread "Cache worker for file hash cache (C:\Users\Engr Onwe\.gradle\caches\5.6.4\fileHashes)" [_thread_blocked, id=42620, stack(0x000000001d570000,0x000000001d670000)]
  0x000000001b373800 JavaThread "Daemon periodic checks" [_thread_blocked, id=23008, stack(0x000000001ca70000,0x000000001cb70000)]
  0x000000001b389800 JavaThread "Incoming local TCP Connector on port 55283" [_thread_in_native, id=10960, stack(0x000000001c830000,0x000000001c930000)]
  0x000000001b39e800 JavaThread "Daemon health stats" [_thread_blocked, id=33584, stack(0x000000001c1f0000,0x000000001c2f0000)]
  0x0000000017e88800 JavaThread "Service Thread" daemon [_thread_blocked, id=16640, stack(0x0000000019850000,0x0000000019950000)]
  0x0000000017e11000 JavaThread "C1 CompilerThread3" daemon [_thread_blocked, id=26500, stack(0x0000000019750000,0x0000000019850000)]
  0x0000000017e10800 JavaThread "C2 CompilerThread2" daemon [_thread_in_native, id=328, stack(0x0000000019650000,0x0000000019750000)]
  0x0000000017e0b800 JavaThread "C2 CompilerThread1" daemon [_thread_in_vm, id=36128, stack(0x0000000019550000,0x0000000019650000)]
=>0x0000000017dfe800 JavaThread "C2 CompilerThread0" daemon [_thread_in_native, id=9004, stack(0x0000000019450000,0x0000000019550000)]
  0x0000000017df7000 JavaThread "Attach Listener" daemon [_thread_blocked, id=39916, stack(0x0000000019350000,0x0000000019450000)]
  0x0000000017e07000 JavaThread "Signal Dispatcher" daemon [_thread_blocked, id=16432, stack(0x0000000019250000,0x0000000019350000)]
  0x000000000275b800 JavaThread "Finalizer" daemon [_thread_blocked, id=31384, stack(0x0000000019050000,0x0000000019150000)]
  0x000000001671c000 JavaThread "Reference Handler" daemon [_thread_blocked, id=24152, stack(0x0000000018f50000,0x0000000019050000)]
  0x000000000255e000 JavaThread "main" [_thread_blocked, id=10360, stack(0x0000000002560000,0x0000000002660000)]

Other Threads:
  0x0000000016715800 VMThread [stack: 0x0000000018e50000,0x0000000018f50000] [id=24848]
  0x0000000017ed0000 WatcherThread [stack: 0x0000000019950000,0x0000000019a50000] [id=8708]

VM state:not at safepoint (normal execution)

VM Mutex/Monitor currently owned by a thread:  ([mutex/lock_event])
[0x000000000255cb20] SystemDictionary_lock - owner thread: 0x0000000000000000

Heap:
 PSYoungGen      total 419840K, used 409711K [0x00000000e0000000, 0x00000000fed00000, 0x0000000100000000)
  eden space 387584K, 97% used [0x00000000e0000000,0x00000000f70eaed8,0x00000000f7a80000)
  from space 32256K, 99% used [0x00000000f7a80000,0x00000000f99fea90,0x00000000f9a00000)
  to   space 38400K, 0% used [0x00000000fc780000,0x00000000fc780000,0x00000000fed00000)
 ParOldGen       total 199168K, used 53704K [0x00000000a0000000, 0x00000000ac280000, 0x00000000e0000000)
  object space 199168K, 26% used [0x00000000a0000000,0x00000000a3472358,0x00000000ac280000)
 Metaspace       used 102576K, capacity 107104K, committed 109184K, reserved 1142784K
  class space    used 13475K, capacity 14364K, committed 14976K, reserved 1048576K

Card table byte_map: [0x0000000011b20000,0x0000000011e30000] byte_map_base: 0x0000000011620000

Marking Bits: (ParMarkBitMap*) 0x000000005122a5b0
 Begin Bits: [0x0000000012a30000, 0x0000000014230000)
 End Bits:   [0x0000000014230000, 0x0000000015a30000)

Polling page: 0x0000000002390000

CodeCache: size=245760Kb used=60615Kb max_used=60636Kb free=185144Kb
 bounds [0x0000000002760000, 0x0000000006300000, 0x0000000011760000]
 total_blobs=18920 nmethods=17988 adapters=840
 compilation: enabled

Compilation events (10 events):
Event: 1740.471 Thread 0x0000000017e0b800 nmethod 22708 0x00000000062ce050 code [0x00000000062ce6a0, 0x00000000062d25c0]
Event: 1740.472 Thread 0x0000000017e0b800 22707       4       java.util.BitSet::set (58 bytes)
Event: 1740.477 Thread 0x0000000017e0b800 nmethod 22707 0x000000000390d510 code [0x000000000390d660, 0x000000000390d778]
Event: 1740.477 Thread 0x0000000017e0b800 22706       4       com.android.tools.r8.ir.regalloc.a::b (44 bytes)
Event: 1740.505 Thread 0x0000000017e0b800 nmethod 22706 0x0000000005264610 code [0x00000000052647e0, 0x0000000005264d98]
Event: 1740.505 Thread 0x0000000017e0b800 22724       4       com.android.tools.r8.r.n.A::a (507 bytes)
Event: 1740.526 Thread 0x0000000017e10800 nmethod 22686% 0x00000000062e0d50 code [0x00000000062e1680, 0x00000000062e7b20]
Event: 1740.527 Thread 0x0000000017e10800 22722       4       java.util.AbstractQueue::addAll (67 bytes)
Event: 1740.530 Thread 0x0000000017e11000 22725       2       com.android.tools.r8.u.b.l::a (183 bytes)
Event: 1740.532 Thread 0x0000000017e11000 nmethod 22725 0x000000000392f4d0 code [0x000000000392f740, 0x00000000039300a8]

GC Heap History (10 events):
Event: 40.103 GC heap before
{Heap before GC invocations=35 (full 3):
 PSYoungGen      total 331776K, used 309472K [0x00000000e0000000, 0x00000000f8c00000, 0x0000000100000000)
  eden space 306176K, 100% used [0x00000000e0000000,0x00000000f2b00000,0x00000000f2b00000)
  from space 25600K, 12% used [0x00000000f2b00000,0x00000000f2e38000,0x00000000f4400000)
  to   space 25088K, 0% used [0x00000000f7380000,0x00000000f7380000,0x00000000f8c00000)
 ParOldGen       total 145920K, used 111060K [0x00000000a0000000, 0x00000000a8e80000, 0x00000000e0000000)
  object space 145920K, 76% used [0x00000000a0000000,0x00000000a6c75060,0x00000000a8e80000)
 Metaspace       used 84289K, capacity 89420K, committed 89728K, reserved 1126400K
  class space    used 11669K, capacity 12559K, committed 12672K, reserved 1048576K
Event: 40.173 GC heap after
Heap after GC invocations=35 (full 3):
 PSYoungGen      total 376832K, used 22524K [0x00000000e0000000, 0x00000000f9200000, 0x0000000100000000)
  eden space 351744K, 0% used [0x00000000e0000000,0x00000000e0000000,0x00000000f5780000)
  from space 25088K, 89% used [0x00000000f7380000,0x00000000f897f050,0x00000000f8c00000)
  to   space 28672K, 0% used [0x00000000f5780000,0x00000000f5780000,0x00000000f7380000)
 ParOldGen       total 145920K, used 113019K [0x00000000a0000000, 0x00000000a8e80000, 0x00000000e0000000)
  object space 145920K, 77% used [0x00000000a0000000,0x00000000a6e5ed70,0x00000000a8e80000)
 Metaspace       used 84289K, capacity 89420K, committed 89728K, reserved 1126400K
  class space    used 11669K, capacity 12559K, committed 12672K, reserved 1048576K
}
Event: 1544.575 GC heap before
{Heap before GC invocations=36 (full 3):
 PSYoungGen      total 376832K, used 244911K [0x00000000e0000000, 0x00000000f9200000, 0x0000000100000000)
  eden space 351744K, 63% used [0x00000000e0000000,0x00000000ed92cbd8,0x00000000f5780000)
  from space 25088K, 89% used [0x00000000f7380000,0x00000000f897f050,0x00000000f8c00000)
  to   space 28672K, 0% used [0x00000000f5780000,0x00000000f5780000,0x00000000f7380000)
 ParOldGen       total 145920K, used 113019K [0x00000000a0000000, 0x00000000a8e80000, 0x00000000e0000000)
  object space 145920K, 77% used [0x00000000a0000000,0x00000000a6e5ed70,0x00000000a8e80000)
 Metaspace       used 92573K, capacity 98222K, committed 98348K, reserved 1134592K
  class space    used 12643K, capacity 13639K, committed 13696K, reserved 1048576K
Event: 1544.886 GC heap after
Heap after GC invocations=36 (full 3):
 PSYoungGen      total 380416K, used 14127K [0x00000000e0000000, 0x00000000fb580000, 0x0000000100000000)
  eden space 351744K, 0% used [0x00000000e0000000,0x00000000e0000000,0x00000000f5780000)
  from space 28672K, 49% used [0x00000000f5780000,0x00000000f654bdf0,0x00000000f7380000)
  to   space 28160K, 0% used [0x00000000f9a00000,0x00000000f9a00000,0x00000000fb580000)
 ParOldGen       total 145920K, used 115752K [0x00000000a0000000, 0x00000000a8e80000, 0x00000000e0000000)
  object space 145920K, 79% used [0x00000000a0000000,0x00000000a710a178,0x00000000a8e80000)
 Metaspace       used 92573K, capacity 98222K, committed 98348K, reserved 1134592K
  class space    used 12643K, capacity 13639K, committed 13696K, reserved 1048576K
}
Event: 1544.887 GC heap before
{Heap before GC invocations=37 (full 4):
 PSYoungGen      total 380416K, used 14127K [0x00000000e0000000, 0x00000000fb580000, 0x0000000100000000)
  eden space 351744K, 0% used [0x00000000e0000000,0x00000000e0000000,0x00000000f5780000)
  from space 28672K, 49% used [0x00000000f5780000,0x00000000f654bdf0,0x00000000f7380000)
  to   space 28160K, 0% used [0x00000000f9a00000,0x00000000f9a00000,0x00000000fb580000)
 ParOldGen       total 145920K, used 115752K [0x00000000a0000000, 0x00000000a8e80000, 0x00000000e0000000)
  object space 145920K, 79% used [0x00000000a0000000,0x00000000a710a178,0x00000000a8e80000)
 Metaspace       used 92573K, capacity 98222K, committed 98348K, reserved 1134592K
  class space    used 12643K, capacity 13639K, committed 13696K, reserved 1048576K
Event: 1546.427 GC heap after
Heap after GC invocations=37 (full 4):
 PSYoungGen      total 380416K, used 0K [0x00000000e0000000, 0x00000000fb580000, 0x0000000100000000)
  eden space 351744K, 0% used [0x00000000e0000000,0x00000000e0000000,0x00000000f5780000)
  from space 28672K, 0% used [0x00000000f5780000,0x00000000f5780000,0x00000000f7380000)
  to   space 28160K, 0% used [0x00000000f9a00000,0x00000000f9a00000,0x00000000fb580000)
 ParOldGen       total 199168K, used 52215K [0x00000000a0000000, 0x00000000ac280000, 0x00000000e0000000)
  object space 199168K, 26% used [0x00000000a0000000,0x00000000a32fde10,0x00000000ac280000)
 Metaspace       used 90190K, capacity 93428K, committed 98348K, reserved 1134592K
  class space    used 12039K, capacity 12644K, committed 13696K, reserved 1048576K
}
Event: 1567.425 GC heap before
{Heap before GC invocations=38 (full 4):
 PSYoungGen      total 380416K, used 351744K [0x00000000e0000000, 0x00000000fb580000, 0x0000000100000000)
  eden space 351744K, 100% used [0x00000000e0000000,0x00000000f5780000,0x00000000f5780000)
  from space 28672K, 0% used [0x00000000f5780000,0x00000000f5780000,0x00000000f7380000)
  to   space 28160K, 0% used [0x00000000f9a00000,0x00000000f9a00000,0x00000000fb580000)
 ParOldGen       total 199168K, used 52215K [0x00000000a0000000, 0x00000000ac280000, 0x00000000e0000000)
  object space 199168K, 26% used [0x00000000a0000000,0x00000000a32fde10,0x00000000ac280000)
 Metaspace       used 100602K, capacity 104632K, committed 108288K, reserved 1142784K
  class space    used 13304K, capacity 14079K, committed 14848K, reserved 1048576K
Event: 1567.625 GC heap after
Heap after GC invocations=38 (full 4):
 PSYoungGen      total 415744K, used 25893K [0x00000000e0000000, 0x00000000fbf80000, 0x0000000100000000)
  eden space 387584K, 0% used [0x00000000e0000000,0x00000000e0000000,0x00000000f7a80000)
  from space 28160K, 91% used [0x00000000f9a00000,0x00000000fb349550,0x00000000fb580000)
  to   space 32256K, 0% used [0x00000000f7a80000,0x00000000f7a80000,0x00000000f9a00000)
 ParOldGen       total 199168K, used 52223K [0x00000000a0000000, 0x00000000ac280000, 0x00000000e0000000)
  object space 199168K, 26% used [0x00000000a0000000,0x00000000a32ffe10,0x00000000ac280000)
 Metaspace       used 100602K, capacity 104632K, committed 108288K, reserved 1142784K
  class space    used 13304K, capacity 14079K, committed 14848K, reserved 1048576K
}
Event: 1734.401 GC heap before
{Heap before GC invocations=39 (full 4):
 PSYoungGen      total 415744K, used 413477K [0x00000000e0000000, 0x00000000fbf80000, 0x0000000100000000)
  eden space 387584K, 100% used [0x00000000e0000000,0x00000000f7a80000,0x00000000f7a80000)
  from space 28160K, 91% used [0x00000000f9a00000,0x00000000fb349550,0x00000000fb580000)
  to   space 32256K, 0% used [0x00000000f7a80000,0x00000000f7a80000,0x00000000f9a00000)
 ParOldGen       total 199168K, used 52223K [0x00000000a0000000, 0x00000000ac280000, 0x00000000e0000000)
  object space 199168K, 26% used [0x00000000a0000000,0x00000000a32ffe10,0x00000000ac280000)
 Metaspace       used 102387K, capacity 106894K, committed 109184K, reserved 1142784K
  class space    used 13462K, capacity 14343K, committed 14976K, reserved 1048576K
Event: 1734.793 GC heap after
Heap after GC invocations=39 (full 4):
 PSYoungGen      total 419840K, used 32250K [0x00000000e0000000, 0x00000000fed00000, 0x0000000100000000)
  eden space 387584K, 0% used [0x00000000e0000000,0x00000000e0000000,0x00000000f7a80000)
  from space 32256K, 99% used [0x00000000f7a80000,0x00000000f99fea90,0x00000000f9a00000)
  to   space 38400K, 0% used [0x00000000fc780000,0x00000000fc780000,0x00000000fed00000)
 ParOldGen       total 199168K, used 53704K [0x00000000a0000000, 0x00000000ac280000, 0x00000000e0000000)
  object space 199168K, 26% used [0x00000000a0000000,0x00000000a3472358,0x00000000ac280000)
 Metaspace       used 102387K, capacity 106894K, committed 109184K, reserved 1142784K
  class space    used 13462K, capacity 14343K, committed 14976K, reserved 1048576K
}

Deoptimization events (10 events):
Event: 1737.229 Thread 0x000000001b554000 Uncommon trap: reason=array_check action=maybe_recompile pc=0x00000000060910f0 method=java.util.TimSort.mergeLo(IIII)V @ 81
Event: 1737.229 Thread 0x000000001b554000 Uncommon trap: reason=array_check action=maybe_recompile pc=0x000000000484e008 method=java.util.TimSort.mergeLo(IIII)V @ 212
Event: 1737.867 Thread 0x00000000211a7800 Uncommon trap: reason=unstable_if action=reinterpret pc=0x0000000005dc3f98 method=sun.nio.fs.WindowsPathParser.parse(Ljava/lang/String;Z)Lsun/nio/fs/WindowsPathParser$Result; @ 45
Event: 1737.868 Thread 0x00000000211a7800 Uncommon trap: reason=unstable_if action=reinterpret pc=0x000000000457dbe0 method=sun.nio.fs.WindowsPathParser.isLetter(C)Z @ 21
Event: 1738.005 Thread 0x00000000211a7800 Uncommon trap: reason=array_check action=maybe_recompile pc=0x0000000006225a64 method=com.google.common.collect.RegularImmutableMap.fromEntryArray(I[Ljava/util/Map$Entry;)Lcom/google/common/collect/ImmutableMap; @ 157
Event: 1738.006 Thread 0x00000000211a7800 Uncommon trap: reason=array_check action=maybe_recompile pc=0x0000000006225a64 method=com.google.common.collect.RegularImmutableMap.fromEntryArray(I[Ljava/util/Map$Entry;)Lcom/google/common/collect/ImmutableMap; @ 157
Event: 1738.019 Thread 0x00000000211a7800 Uncommon trap: reason=array_check action=maybe_recompile pc=0x0000000006225a64 method=com.google.common.collect.RegularImmutableMap.fromEntryArray(I[Ljava/util/Map$Entry;)Lcom/google/common/collect/ImmutableMap; @ 157
Event: 1738.019 Thread 0x00000000211a7800 Uncommon trap: reason=array_check action=maybe_recompile pc=0x0000000006225a64 method=com.google.common.collect.RegularImmutableMap.fromEntryArray(I[Ljava/util/Map$Entry;)Lcom/google/common/collect/ImmutableMap; @ 157
Event: 1738.597 Thread 0x000000001b54d000 Uncommon trap: reason=unstable_if action=reinterpret pc=0x000000000621c18c method=com.android.tools.r8.ir.optimize.I.a(Lcom/android/tools/r8/u/b/d0;)Z @ 156
Event: 1739.035 Thread 0x00000000211a7800 Uncommon trap: reason=unstable_if action=reinterpret pc=0x0000000005c0e34c method=java.io.ObjectOutputStream$BlockDataOutputStream.writeByte(I)V @ 7

Internal exceptions (10 events):
Event: 1735.491 Thread 0x000000001b6cd800 Exception <a 'sun/nio/fs/WindowsException'> (0x00000000e267ca60) thrown at [C:\re\workspace\8-2-build-windows-amd64-cygwin\jdk8u60\4407\hotspot\src\share\vm\prims\jni.cpp, line 709]
Event: 1735.610 Thread 0x000000001b554000 Exception <a 'sun/nio/fs/WindowsException'> (0x00000000e2d38ea8) thrown at [C:\re\workspace\8-2-build-windows-amd64-cygwin\jdk8u60\4407\hotspot\src\share\vm\prims\jni.cpp, line 709]
Event: 1735.624 Thread 0x000000001b6cd800 Exception <a 'sun/nio/fs/WindowsException'> (0x00000000e333ad70) thrown at [C:\re\workspace\8-2-build-windows-amd64-cygwin\jdk8u60\4407\hotspot\src\share\vm\prims\jni.cpp, line 709]
Event: 1736.464 Thread 0x000000001b554000 Exception <a 'java/lang/NoSuchMethodError': <clinit>> (0x00000000e6a3a508) thrown at [C:\re\workspace\8-2-build-windows-amd64-cygwin\jdk8u60\4407\hotspot\src\share\vm\prims\jni.cpp, line 1591]
Event: 1736.465 Thread 0x000000001b554000 Exception <a 'java/lang/NoSuchMethodError': <clinit>> (0x00000000e6a3b7d0) thrown at [C:\re\workspace\8-2-build-windows-amd64-cygwin\jdk8u60\4407\hotspot\src\share\vm\prims\jni.cpp, line 1591]
Event: 1737.196 Thread 0x000000001b554000 Exception <a 'java/lang/NoSuchMethodError': <clinit>> (0x00000000e7ca0fe0) thrown at [C:\re\workspace\8-2-build-windows-amd64-cygwin\jdk8u60\4407\hotspot\src\share\vm\prims\jni.cpp, line 1591]
Event: 1737.211 Thread 0x000000001b554000 Exception <a 'java/lang/NoSuchMethodError': <clinit>> (0x00000000e7feb5a0) thrown at [C:\re\workspace\8-2-build-windows-amd64-cygwin\jdk8u60\4407\hotspot\src\share\vm\prims\jni.cpp, line 1591]
Event: 1737.226 Thread 0x000000001b554000 Exception <a 'java/lang/NoSuchMethodError': <clinit>> (0x00000000e800fcd0) thrown at [C:\re\workspace\8-2-build-windows-amd64-cygwin\jdk8u60\4407\hotspot\src\share\vm\prims\jni.cpp, line 1591]
Event: 1737.264 Thread 0x000000001b554000 Exception <a 'java/lang/NoSuchMethodError': <clinit>> (0x00000000e8144920) thrown at [C:\re\workspace\8-2-build-windows-amd64-cygwin\jdk8u60\4407\hotspot\src\share\vm\prims\jni.cpp, line 1591]
Event: 1737.288 Thread 0x000000001b554000 Exception <a 'java/lang/NoSuchMethodError': <clinit>> (0x00000000e8250860) thrown at [C:\re\workspace\8-2-build-windows-amd64-cygwin\jdk8u60\4407\hotspot\src\share\vm\prims\jni.cpp, line 1591]

Events (10 events):
Event: 1740.530 Thread 0x000000001b54d000 DEOPT PACKING pc=0x000000000475b65d sp=0x0000000026ccaad0
Event: 1740.530 Thread 0x000000001b54d000 DEOPT UNPACKING pc=0x00000000027a787f sp=0x0000000026cca8e0 mode 0
Event: 1740.532 Thread 0x000000001b54d000 DEOPT PACKING pc=0x000000000465dade sp=0x0000000026cca1d0
Event: 1740.532 Thread 0x000000001b54d000 DEOPT UNPACKING pc=0x00000000027a787f sp=0x0000000026cc9ef8 mode 0
Event: 1740.537 Thread 0x000000001b54d000 DEOPT PACKING pc=0x00000000047b9bc6 sp=0x0000000026cca730
Event: 1740.537 Thread 0x000000001b54d000 DEOPT UNPACKING pc=0x00000000027a787f sp=0x0000000026cca7a0 mode 0
Event: 1740.544 Thread 0x000000001b54d000 DEOPT PACKING pc=0x000000000487c59f sp=0x0000000026ccae50
Event: 1740.544 Thread 0x000000001b54d000 DEOPT UNPACKING pc=0x00000000027a787f sp=0x0000000026ccaca8 mode 0
Event: 1740.545 Thread 0x000000001b54d000 DEOPT PACKING pc=0x0000000004884a4c sp=0x0000000026ccad20
Event: 1740.545 Thread 0x000000001b54d000 DEOPT UNPACKING pc=0x00000000027a787f sp=0x0000000026ccaa48 mode 0


Dynamic libraries:
0x00007ff6e3280000 - 0x00007ff6e32b7000 	C:\Program Files\Java\jdk1.8.0_60\bin\java.exe
0x00007ffdfd1a0000 - 0x00007ffdfd390000 	C:\WINDOWS\SYSTEM32\ntdll.dll
0x00007ffdfba30000 - 0x00007ffdfbae2000 	C:\WINDOWS\System32\KERNEL32.DLL
0x00007ffdfafa0000 - 0x00007ffdfb244000 	C:\WINDOWS\System32\KERNELBASE.dll
0x00007ffdfc490000 - 0x00007ffdfc533000 	C:\WINDOWS\System32\ADVAPI32.dll
0x00007ffdfbc90000 - 0x00007ffdfbd2e000 	C:\WINDOWS\System32\msvcrt.dll
0x00007ffdfb340000 - 0x00007ffdfb3d7000 	C:\WINDOWS\System32\sechost.dll
0x00007ffdfc970000 - 0x00007ffdfca90000 	C:\WINDOWS\System32\RPCRT4.dll
0x00007ffdfbaf0000 - 0x00007ffdfbc85000 	C:\WINDOWS\System32\USER32.dll
0x00007ffdfaf70000 - 0x00007ffdfaf91000 	C:\WINDOWS\System32\win32u.dll
0x00007ffdfd060000 - 0x00007ffdfd086000 	C:\WINDOWS\System32\GDI32.dll
0x00007ffdfa150000 - 0x00007ffdfa2e6000 	C:\WINDOWS\System32\gdi32full.dll
0x00007ffdfabe0000 - 0x00007ffdfac7e000 	C:\WINDOWS\System32\msvcp_win.dll
0x00007ffdfaca0000 - 0x00007ffdfad9a000 	C:\WINDOWS\System32\ucrtbase.dll
0x00007ffde9b60000 - 0x00007ffde9de4000 	C:\WINDOWS\WinSxS\amd64_microsoft.windows.common-controls_6595b64144ccf1df_6.0.18362.1016_none_9e7a36bbe461dae4\COMCTL32.dll
0x00007ffdfc5a0000 - 0x00007ffdfc8d5000 	C:\WINDOWS\System32\combase.dll
0x00007ffdfada0000 - 0x00007ffdfae20000 	C:\WINDOWS\System32\bcryptPrimitives.dll
0x00007ffdfc940000 - 0x00007ffdfc96e000 	C:\WINDOWS\System32\IMM32.DLL
0x00000000512b0000 - 0x0000000051382000 	C:\Program Files\Java\jdk1.8.0_60\jre\bin\msvcr100.dll
0x0000000050a20000 - 0x00000000512a9000 	C:\Program Files\Java\jdk1.8.0_60\jre\bin\server\jvm.dll
0x00007ffdfb3e0000 - 0x00007ffdfb3e8000 	C:\WINDOWS\System32\PSAPI.DLL
0x00007ffdf0510000 - 0x00007ffdf0534000 	C:\WINDOWS\SYSTEM32\WINMM.dll
0x00007ffdf8190000 - 0x00007ffdf819a000 	C:\WINDOWS\SYSTEM32\VERSION.dll
0x00007ffdf4fc0000 - 0x00007ffdf4fc9000 	C:\WINDOWS\SYSTEM32\WSOCK32.dll
0x00007ffdf04e0000 - 0x00007ffdf050d000 	C:\WINDOWS\SYSTEM32\winmmbase.dll
0x00007ffdfaae0000 - 0x00007ffdfab2a000 	C:\WINDOWS\System32\cfgmgr32.dll
0x00007ffdfb7e0000 - 0x00007ffdfb84f000 	C:\WINDOWS\System32\ws2_32.DLL
0x0000000051ef0000 - 0x0000000051eff000 	C:\Program Files\Java\jdk1.8.0_60\jre\bin\verify.dll
0x00000000509f0000 - 0x0000000050a19000 	C:\Program Files\Java\jdk1.8.0_60\jre\bin\java.dll
0x00000000509d0000 - 0x00000000509e6000 	C:\Program Files\Java\jdk1.8.0_60\jre\bin\zip.dll
0x00007ffdfbd40000 - 0x00007ffdfc427000 	C:\WINDOWS\System32\SHELL32.dll
0x00007ffdfb400000 - 0x00007ffdfb4a9000 	C:\WINDOWS\System32\shcore.dll
0x00007ffdfa2f0000 - 0x00007ffdfaa72000 	C:\WINDOWS\System32\windows.storage.dll
0x00007ffdfa0a0000 - 0x00007ffdfa0c3000 	C:\WINDOWS\System32\profapi.dll
0x00007ffdfa0d0000 - 0x00007ffdfa11a000 	C:\WINDOWS\System32\powrprof.dll
0x00007ffdfa050000 - 0x00007ffdfa060000 	C:\WINDOWS\System32\UMPDC.dll
0x00007ffdfc430000 - 0x00007ffdfc482000 	C:\WINDOWS\System32\shlwapi.dll
0x00007ffdfa080000 - 0x00007ffdfa091000 	C:\WINDOWS\System32\kernel.appcore.dll
0x00007ffdfac80000 - 0x00007ffdfac97000 	C:\WINDOWS\System32\cryptsp.dll
0x00000000509b0000 - 0x00000000509ca000 	C:\Program Files\Java\jdk1.8.0_60\jre\bin\net.dll
0x00007ffdf98b0000 - 0x00007ffdf9917000 	C:\WINDOWS\system32\mswsock.dll
0x0000000050990000 - 0x00000000509a1000 	C:\Program Files\Java\jdk1.8.0_60\jre\bin\nio.dll
0x00007ffdc6df0000 - 0x00007ffdc6e16000 	C:\Users\Engr Onwe\.gradle\native\30\windows-amd64\native-platform.dll
0x0000000050980000 - 0x000000005098d000 	C:\Program Files\Java\jdk1.8.0_60\jre\bin\management.dll
0x00007ffdf9420000 - 0x00007ffdf9453000 	C:\WINDOWS\system32\rsaenh.dll
0x00007ffdfa120000 - 0x00007ffdfa146000 	C:\WINDOWS\System32\bcrypt.dll
0x00007ffdf9f70000 - 0x00007ffdf9f95000 	C:\WINDOWS\SYSTEM32\USERENV.dll
0x00007ffdf9a80000 - 0x00007ffdf9a8c000 	C:\WINDOWS\SYSTEM32\CRYPTBASE.dll
0x00007ffdf95c0000 - 0x00007ffdf95fa000 	C:\WINDOWS\SYSTEM32\IPHLPAPI.DLL
0x00007ffdfb3f0000 - 0x00007ffdfb3f8000 	C:\WINDOWS\System32\NSI.dll
0x00007ffdf2c80000 - 0x00007ffdf2c96000 	C:\WINDOWS\SYSTEM32\dhcpcsvc6.DLL
0x00007ffdf36c0000 - 0x00007ffdf36dc000 	C:\WINDOWS\SYSTEM32\dhcpcsvc.DLL
0x00007ffdf9610000 - 0x00007ffdf96db000 	C:\WINDOWS\SYSTEM32\DNSAPI.dll
0x0000000050950000 - 0x0000000050974000 	C:\Program Files\Java\jdk1.8.0_60\jre\bin\sunec.dll
0x00007ffdf3b00000 - 0x00007ffdf3b0a000 	C:\Windows\System32\rasadhlp.dll
0x00007ffdf16a0000 - 0x00007ffdf1717000 	C:\WINDOWS\System32\fwpuclnt.dll
0x00007ffdcfe80000 - 0x00007ffdcfe96000 	C:\WINDOWS\system32\napinsp.dll
0x00007ffdcf350000 - 0x00007ffdcf36a000 	C:\WINDOWS\system32\pnrpnsp.dll
0x00007ffdf5df0000 - 0x00007ffdf5e05000 	C:\WINDOWS\system32\wshbth.dll
0x00007ffdf3b60000 - 0x00007ffdf3b7c000 	C:\WINDOWS\system32\NLAapi.dll
0x00007ffde7090000 - 0x00007ffde709e000 	C:\WINDOWS\System32\winrnr.dll
0x00007ffdf90a0000 - 0x00007ffdf90d1000 	C:\WINDOWS\SYSTEM32\ntmarta.dll

VM Arguments:
jvm_args: -Xmx1536m -Dfile.encoding=windows-1252 -Duser.country=GB -Duser.language=en -Duser.variant 
java_command: org.gradle.launcher.daemon.bootstrap.GradleDaemon 5.6.4
java_class_path (initial): C:\Users\Engr Onwe\.gradle\wrapper\dists\gradle-5.6.4-all\ankdp27end7byghfw1q2sw75f\gradle-5.6.4\lib\gradle-launcher-5.6.4.jar
Launcher Type: SUN_STANDARD

Environment Variables:
JAVA_HOME=C:\Program Files\Java\jdk1.8.0_60
PATH=C:\Program Files (x86)\Intel\Intel(R) Management Engine Components\iCLS\;C:\Program Files\Intel\Intel(R) Management Engine Components\iCLS\;C:\Windows\system32;C:\Windows;C:\Windows\System32\Wbem;C:\Windows\System32\WindowsPowerShell\v1.0\;C:\Program Files (x86)\Intel\Intel(R) Management Engine Components\DAL;C:\Program Files\Intel\Intel(R) Management Engine Components\DAL;C:\Program Files (x86)\Intel\Intel(R) Management Engine Components\IPT;C:\Program Files\Intel\Intel(R) Management Engine Components\IPT;C:\Program Files (x86)\NVIDIA Corporation\PhysX\Common;C:\Program Files\Intel\WiFi\bin\;C:\Program Files\Common Files\Intel\WirelessCommon\;C:\WINDOWS\system32;C:\WINDOWS;C:\WINDOWS\System32\Wbem;C:\WINDOWS\System32\WindowsPowerShell\v1.0\;C:\WINDOWS\System32\OpenSSH\;C:\Program Files\nodejs\;C:\ProgramData\chocolatey\bin;C:\Program Files\Microsoft VS Code\bin;C:\Program Files\Java\jdk1.8.0_60\bin;C:\Program Files\gradle-2.8\bin;C:\Users\Engr Onwe\AppData\Local\Android\Sdk;C:\Users\Engr Onwe\AppData\Local\Android\Sdk\platforms;C:\Users\Engr Onwe\AppData\Local\Android\Sdk\platform-tools;C:\Program Files (x86)\Yarn\bin\;C:\Program Files\OpenJDK\jdk-14.0.1\bin;C:\Program Files\PuTTY\;C:\Program Files\Git\cmd;C:\Users\Engr Onwe\AppData\Local\Microsoft\WindowsApps;C:\Users\Engr Onwe\AppData\Roaming\npm;C:\Users\Engr Onwe\AppData\Local\Yarn\bin
USERNAME=Engr Onwe
OS=Windows_NT
PROCESSOR_IDENTIFIER=Intel64 Family 6 Model 158 Stepping 10, GenuineIntel



---------------  S Y S T E M  ---------------

OS: Windows 10.0 , 64 bit Build 18362 (10.0.18362.959)

CPU:total 12 (6 cores per cpu, 2 threads per core) family 6 model 158 stepping 10, cmov, cx8, fxsr, mmx, sse, sse2, sse3, ssse3, sse4.1, sse4.2, popcnt, avx, avx2, aes, clmul, erms, 3dnowpref, lzcnt, ht, tsc, tscinvbit, bmi1, bmi2, adx

Memory: 4k page, physical 8239352k(7540k free), swap 23730804k(6996k free)

vm_info: Java HotSpot(TM) 64-Bit Server VM (25.60-b23) for windows-amd64 JRE (1.8.0_60-b27), built on Aug  4 2015 11:06:27 by "java_re" with MS VC++ 10.0 (VS2010)

time: Sun Aug 30 23:48:20 2020
elapsed time: 1740 seconds (0d 0h 29m 0s)

