#
# There is insufficient memory for the Java Runtime Environment to continue.
# Native memory allocation (malloc) failed to allocate 704816 bytes for Chunk::new
# Possible reasons:
#   The system is out of physical RAM or swap space
#   In 32 bit mode, the process size limit was hit
# Possible solutions:
#   Reduce memory load on the system
#   Increase physical memory or swap space
#   Check if swap backing store is full
#   Use 64 bit Java on a 64 bit OS
#   Decrease Java heap size (-Xmx/-Xms)
#   Decrease number of Java threads
#   Decrease Java thread stack sizes (-Xss)
#   Set larger code cache with -XX:ReservedCodeCacheSize=
# This output file may be truncated or incomplete.
#
#  Out of Memory Error (allocation.cpp:390), pid=17792, tid=42492
#
# JRE version: Java(TM) SE Runtime Environment (8.0_60-b27) (build 1.8.0_60-b27)
# Java VM: Java HotSpot(TM) 64-Bit Server VM (25.60-b23 mixed mode windows-amd64 compressed oops)
# Failed to write core dump. Minidumps are not enabled by default on client versions of Windows
#

---------------  T H R E A D  ---------------

Current thread (0x000000001864a800):  JavaThread "C2 CompilerThread1" daemon [_thread_in_native, id=42492, stack(0x0000000019d90000,0x0000000019e90000)]

Stack: [0x0000000019d90000,0x0000000019e90000]
[error occurred during error reporting (printing stack bounds), id 0xc0000005]

Native frames: (J=compiled Java code, j=interpreted, Vv=VM code, C=native code)


Current CompileTask:
C2:15617941 34370 %     4       com.android.tools.r8.u.c.M::a @ 102 (3068 bytes)


---------------  P R O C E S S  ---------------

Java Threads: ( => current thread )
  0x000000001bc5a000 JavaThread "WorkerExecutor Queue Thread 11" [_thread_blocked, id=30384, stack(0x0000000036e40000,0x0000000036f40000)]
  0x000000001eee5800 JavaThread "WorkerExecutor Queue Thread 10" [_thread_blocked, id=29744, stack(0x00000000368a0000,0x00000000369a0000)]
  0x000000001eee0800 JavaThread "stdout" [_thread_in_native, id=32628, stack(0x0000000036d40000,0x0000000036e40000)]
  0x000000001eee3800 JavaThread "stderr" [_thread_in_native, id=19300, stack(0x0000000036c40000,0x0000000036d40000)]
  0x000000001eedf800 JavaThread "stdout" [_thread_in_native, id=34084, stack(0x0000000036b40000,0x0000000036c40000)]
  0x000000001eedc000 JavaThread "stderr" [_thread_in_native, id=30112, stack(0x0000000036a40000,0x0000000036b40000)]
  0x000000002132d800 JavaThread "stdout" [_thread_in_native, id=28824, stack(0x00000000367a0000,0x00000000368a0000)]
  0x000000002132c800 JavaThread "stderr" [_thread_in_native, id=8708, stack(0x00000000366a0000,0x00000000367a0000)]
  0x000000002132c000 JavaThread "stdout" [_thread_in_native, id=19392, stack(0x00000000365a0000,0x00000000366a0000)]
  0x000000002132e000 JavaThread "stderr" [_thread_in_native, id=36112, stack(0x00000000364a0000,0x00000000365a0000)]
  0x000000002132b000 JavaThread "stdout" [_thread_in_native, id=39860, stack(0x00000000363a0000,0x00000000364a0000)]
  0x0000000021322000 JavaThread "stderr" [_thread_in_native, id=9608, stack(0x00000000362a0000,0x00000000363a0000)]
  0x0000000021328000 JavaThread "stdout" [_thread_in_native, id=31816, stack(0x00000000361a0000,0x00000000362a0000)]
  0x0000000021320800 JavaThread "stderr" [_thread_in_native, id=29492, stack(0x0000000035cd0000,0x0000000035dd0000)]
  0x0000000021326800 JavaThread "WorkerExecutor Queue Thread 9" [_thread_blocked, id=41224, stack(0x00000000360a0000,0x00000000361a0000)]
  0x0000000021325000 JavaThread "stdout" [_thread_in_native, id=40316, stack(0x0000000035fa0000,0x00000000360a0000)]
  0x0000000021321800 JavaThread "stderr" [_thread_in_native, id=2444, stack(0x0000000035ea0000,0x0000000035fa0000)]
  0x000000001e724800 JavaThread "stdout" [_thread_in_native, id=25188, stack(0x00000000359d0000,0x0000000035ad0000)]
  0x000000001e724000 JavaThread "stderr" [_thread_in_native, id=27056, stack(0x00000000358d0000,0x00000000359d0000)]
  0x000000001e71e800 JavaThread "pool-96-thread-1" [_thread_blocked, id=30336, stack(0x00000000354d0000,0x00000000355d0000)]
  0x000000001e71b800 JavaThread "Cache worker for execution history cache (C:\Users\Engr Onwe\Documents\Android Projects\GADsLeaderboard\.gradle\5.6.4\executionHistory)" [_thread_blocked, id=15832, stack(0x00000000350d0000,0x00000000351d0000)]
  0x000000001e71a000 JavaThread "Execution worker for ':' Thread 11" [_thread_in_Java, id=41872, stack(0x0000000034fd0000,0x00000000350d0000)]
  0x0000000021c5a000 JavaThread "Execution worker for ':' Thread 10" [_thread_blocked, id=40628, stack(0x0000000034cd0000,0x0000000034dd0000)]
  0x0000000021c59800 JavaThread "Execution worker for ':' Thread 9" [_thread_blocked, id=32736, stack(0x0000000034970000,0x0000000034a70000)]
  0x0000000021c58800 JavaThread "Execution worker for ':' Thread 8" [_thread_blocked, id=40104, stack(0x0000000034670000,0x0000000034770000)]
  0x0000000021c55000 JavaThread "Execution worker for ':' Thread 7" [_thread_blocked, id=22000, stack(0x0000000034570000,0x0000000034670000)]
  0x0000000021c58000 JavaThread "Execution worker for ':' Thread 6" [_thread_blocked, id=4060, stack(0x0000000034470000,0x0000000034570000)]
  0x0000000021c4d800 JavaThread "Execution worker for ':' Thread 5" [_thread_blocked, id=29420, stack(0x0000000034370000,0x0000000034470000)]
  0x0000000021c54000 JavaThread "Execution worker for ':' Thread 4" [_thread_blocked, id=23204, stack(0x000000002a030000,0x000000002a130000)]
  0x0000000021c4e000 JavaThread "Execution worker for ':' Thread 3" [_thread_blocked, id=14584, stack(0x0000000029f30000,0x000000002a030000)]
  0x0000000021c4c800 JavaThread "Execution worker for ':' Thread 2" [_thread_blocked, id=7072, stack(0x0000000029e30000,0x0000000029f30000)]
  0x0000000021c53800 JavaThread "Execution worker for ':'" [_thread_blocked, id=8824, stack(0x0000000029580000,0x0000000029680000)]
  0x0000000021c4c000 JavaThread "Cache worker for file content cache (C:\Users\Engr Onwe\Documents\Android Projects\GADsLeaderboard\.gradle\5.6.4\fileContent)" [_thread_blocked, id=26972, stack(0x00000000282d0000,0x00000000283d0000)]
  0x0000000021c51000 JavaThread "Cache worker for Build Output Cleanup Cache (C:\Users\Engr Onwe\Documents\Android Projects\GADsLeaderboard\.gradle\buildOutputCleanup)" [_thread_blocked, id=32748, stack(0x0000000027f60000,0x0000000028060000)]
  0x00000000213aa800 JavaThread "Build operations Thread 12" [_thread_blocked, id=4688, stack(0x0000000026580000,0x0000000026680000)]
  0x00000000213a9800 JavaThread "Build operations Thread 11" [_thread_blocked, id=27596, stack(0x0000000025b10000,0x0000000025c10000)]
  0x00000000213a9000 JavaThread "Build operations Thread 10" [_thread_blocked, id=28260, stack(0x0000000025a10000,0x0000000025b10000)]
  0x00000000213a8000 JavaThread "Build operations Thread 9" [_thread_blocked, id=38816, stack(0x0000000025510000,0x0000000025610000)]
  0x00000000213a7800 JavaThread "Build operations Thread 8" [_thread_blocked, id=26332, stack(0x0000000024340000,0x0000000024440000)]
  0x000000002139f000 JavaThread "Build operations Thread 7" [_thread_blocked, id=28572, stack(0x0000000024240000,0x0000000024340000)]
  0x00000000213a6000 JavaThread "Build operations Thread 6" [_thread_blocked, id=33440, stack(0x0000000024140000,0x0000000024240000)]
  0x00000000213a5000 JavaThread "Build operations Thread 5" [_thread_blocked, id=38752, stack(0x0000000024040000,0x0000000024140000)]
  0x00000000213a4800 JavaThread "Build operations Thread 4" [_thread_blocked, id=16556, stack(0x0000000023f40000,0x0000000024040000)]
  0x00000000213a3800 JavaThread "Build operations Thread 3" [_thread_blocked, id=3984, stack(0x0000000023e40000,0x0000000023f40000)]
  0x000000002139c000 JavaThread "Build operations Thread 2" [_thread_blocked, id=41424, stack(0x0000000023d40000,0x0000000023e40000)]
  0x00000000213a3000 JavaThread "Build operations" [_thread_blocked, id=17780, stack(0x0000000023c40000,0x0000000023d40000)]
  0x00000000213a0800 JavaThread "Cache worker for cache directory md-rule (C:\Users\Engr Onwe\.gradle\caches\5.6.4\md-rule)" [_thread_blocked, id=19860, stack(0x0000000022730000,0x0000000022830000)]
  0x000000002139b800 JavaThread "Cache worker for cache directory md-supplier (C:\Users\Engr Onwe\.gradle\caches\5.6.4\md-supplier)" [_thread_blocked, id=29624, stack(0x0000000020ec0000,0x0000000020fc0000)]
  0x000000002139e800 JavaThread "Cache worker for file hash cache (C:\Users\Engr Onwe\Documents\Android Projects\GADsLeaderboard\.gradle\5.6.4\fileHashes)" [_thread_blocked, id=11876, stack(0x000000001dcb0000,0x000000001ddb0000)]
  0x00000000213a2000 JavaThread "Thread-1968" [_thread_blocked, id=8844, stack(0x000000001d9b0000,0x000000001dab0000)]
  0x00000000213a1800 JavaThread "Stdin handler" [_thread_blocked, id=21236, stack(0x000000001d7b0000,0x000000001d8b0000)]
  0x00000000213a0000 JavaThread "Asynchronous log dispatcher for DefaultDaemonConnection: socket connection from /127.0.0.1:64240 to /127.0.0.1:50434" [_thread_blocked, id=12248, stack(0x000000001d4b0000,0x000000001d5b0000)]
  0x000000002139d800 JavaThread "Cancel handler" [_thread_blocked, id=17416, stack(0x00000000012e0000,0x00000000013e0000)]
  0x000000002139d000 JavaThread "Handler for socket connection from /127.0.0.1:64240 to /127.0.0.1:50434" [_thread_in_native, id=35696, stack(0x00000000011e0000,0x00000000012e0000)]
  0x000000002131f000 JavaThread "Daemon worker Thread 33" [_thread_blocked, id=16872, stack(0x000000001d3b0000,0x000000001d4b0000)]
  0x0000000021324800 JavaThread "Daemon Thread 33" [_thread_blocked, id=11844, stack(0x00000000010e0000,0x00000000011e0000)]
  0x0000000021323800 JavaThread "Cache worker for Java compile cache (C:\Users\Engr Onwe\.gradle\caches\5.6.4\javaCompile)" [_thread_blocked, id=8464, stack(0x0000000028b80000,0x0000000028c80000)]
  0x000000001eee8000 JavaThread "Cache worker for file content cache (C:\Users\Engr Onwe\.gradle\caches\5.6.4\fileContent)" [_thread_blocked, id=26792, stack(0x0000000025410000,0x0000000025510000)]
  0x000000001eee6800 JavaThread "Memory manager" [_thread_blocked, id=12488, stack(0x0000000025310000,0x0000000025410000)]
  0x000000001eedb000 JavaThread "Cache worker for execution history cache (C:\Users\Engr Onwe\.gradle\caches\5.6.4\executionHistory)" [_thread_blocked, id=39824, stack(0x0000000022430000,0x0000000022530000)]
  0x000000001bc58000 JavaThread "Cache worker for journal cache (C:\Users\Engr Onwe\.gradle\caches\journal-1)" [_thread_blocked, id=18520, stack(0x000000001dfb0000,0x000000001e0b0000)]
  0x000000001bc59800 JavaThread "File lock request listener" [_thread_in_native, id=26448, stack(0x000000001deb0000,0x000000001dfb0000)]
  0x000000001bc57000 JavaThread "Cache worker for file hash cache (C:\Users\Engr Onwe\.gradle\caches\5.6.4\fileHashes)" [_thread_blocked, id=42900, stack(0x000000001ddb0000,0x000000001deb0000)]
  0x000000001ba77000 JavaThread "Daemon periodic checks" [_thread_blocked, id=27448, stack(0x000000001d2b0000,0x000000001d3b0000)]
  0x000000001ba75800 JavaThread "Incoming local TCP Connector on port 64240" [_thread_in_native, id=14604, stack(0x000000001d070000,0x000000001d170000)]
  0x000000001bae0000 JavaThread "Daemon health stats" [_thread_blocked, id=25844, stack(0x000000001ca30000,0x000000001cb30000)]
  0x00000000186c7800 JavaThread "Service Thread" daemon [_thread_blocked, id=16464, stack(0x000000001a090000,0x000000001a190000)]
  0x0000000018650000 JavaThread "C1 CompilerThread3" daemon [_thread_blocked, id=34488, stack(0x0000000019f90000,0x000000001a090000)]
  0x000000001864f800 JavaThread "C2 CompilerThread2" daemon [_thread_in_native, id=10912, stack(0x0000000019e90000,0x0000000019f90000)]
=>0x000000001864a800 JavaThread "C2 CompilerThread1" daemon [_thread_in_native, id=42492, stack(0x0000000019d90000,0x0000000019e90000)]
  0x000000001863d000 JavaThread "C2 CompilerThread0" daemon [_thread_in_native, id=5304, stack(0x0000000019c90000,0x0000000019d90000)]
  0x0000000018648800 JavaThread "Attach Listener" daemon [_thread_blocked, id=4020, stack(0x0000000019b90000,0x0000000019c90000)]
  0x0000000018646000 JavaThread "Signal Dispatcher" daemon [_thread_blocked, id=32280, stack(0x0000000019a90000,0x0000000019b90000)]
  0x0000000016f3d800 JavaThread "Finalizer" daemon [_thread_blocked, id=15852, stack(0x0000000019890000,0x0000000019990000)]
  0x0000000016f3c000 JavaThread "Reference Handler" daemon [_thread_blocked, id=8344, stack(0x0000000019790000,0x0000000019890000)]
  0x0000000002d7e000 JavaThread "main" [_thread_blocked, id=12548, stack(0x0000000002d80000,0x0000000002e80000)]

Other Threads:
  0x0000000016f35800 VMThread [stack: 0x0000000019690000,0x0000000019790000] [id=26236]
  0x000000001870f000 WatcherThread [stack: 0x000000001a190000,0x000000001a290000] [id=17576]

VM state:not at safepoint (normal execution)

VM Mutex/Monitor currently owned by a thread: None

Heap:
 PSYoungGen      total 224768K, used 123216K [0x00000000e0000000, 0x00000000f2800000, 0x0000000100000000)
  eden space 177152K, 68% used [0x00000000e0000000,0x00000000e766fd28,0x00000000ead00000)
  from space 47616K, 4% used [0x00000000ead00000,0x00000000eaee44d8,0x00000000edb80000)
  to   space 49152K, 0% used [0x00000000ef800000,0x00000000ef800000,0x00000000f2800000)
 ParOldGen       total 228864K, used 132390K [0x00000000a0000000, 0x00000000adf80000, 0x00000000e0000000)
  object space 228864K, 57% used [0x00000000a0000000,0x00000000a8149920,0x00000000adf80000)
 Metaspace       used 112579K, capacity 123246K, committed 123520K, reserved 1157120K
  class space    used 14571K, capacity 16136K, committed 16256K, reserved 1048576K

Card table byte_map: [0x0000000012340000,0x0000000012650000] byte_map_base: 0x0000000011e40000

Marking Bits: (ParMarkBitMap*) 0x000000005101a5b0
 Begin Bits: [0x0000000013250000, 0x0000000014a50000)
 End Bits:   [0x0000000014a50000, 0x0000000016250000)

Polling page: 0x0000000000f00000

CodeCache: size=245760Kb used=90931Kb max_used=90945Kb free=154828Kb
 bounds [0x0000000002f80000, 0x0000000008900000, 0x0000000011f80000]
 total_blobs=25761 nmethods=24831 adapters=839
 compilation: enabled

Compilation events (10 events):
Event: 15617.773 Thread 0x0000000018650000 34394       2       com.android.ide.common.symbols.SymbolTable$Builder::tablePackage (262 bytes)
Event: 15617.779 Thread 0x0000000018650000 nmethod 34394 0x00000000088b9150 code [0x00000000088b94e0, 0x00000000088ba668]
Event: 15617.800 Thread 0x0000000018650000 34395       1       com.google.common.collect.SparseImmutableTable::size (6 bytes)
Event: 15617.801 Thread 0x0000000018650000 nmethod 34395 0x00000000088b8e50 code [0x00000000088b8fa0, 0x00000000088b90b0]
Event: 15617.810 Thread 0x0000000018650000 34396       2       com.android.resources.ResourceType::values (10 bytes)
Event: 15617.811 Thread 0x0000000018650000 nmethod 34396 0x00000000088b8a90 code [0x00000000088b8c00, 0x00000000088b8d88]
Event: 15617.845 Thread 0x0000000018650000 34398       2       com.android.builder.symbols.BytecodeRClassWriterKt::exportToCompiledJava (218 bytes)
Event: 15617.847 Thread 0x0000000018650000 nmethod 34398 0x00000000088b7550 code [0x00000000088b77c0, 0x00000000088b80d8]
Event: 15617.900 Thread 0x0000000018650000 34399       2       org.objectweb.asm.SymbolTable$Entry::<init> (17 bytes)
Event: 15617.901 Thread 0x0000000018650000 nmethod 34399 0x00000000088b7190 code [0x00000000088b7300, 0x00000000088b74a8]

GC Heap History (10 events):
Event: 15614.770 GC heap before
{Heap before GC invocations=101 (full 4):
 PSYoungGen      total 178176K, used 159180K [0x00000000e0000000, 0x00000000ee000000, 0x0000000100000000)
  eden space 131072K, 100% used [0x00000000e0000000,0x00000000e8000000,0x00000000e8000000)
  from space 47104K, 59% used [0x00000000eb200000,0x00000000ecd731c0,0x00000000ee000000)
  to   space 49152K, 0% used [0x00000000e8000000,0x00000000e8000000,0x00000000eb000000)
 ParOldGen       total 228864K, used 114432K [0x00000000a0000000, 0x00000000adf80000, 0x00000000e0000000)
  object space 228864K, 50% used [0x00000000a0000000,0x00000000a6fc01f8,0x00000000adf80000)
 Metaspace       used 112304K, capacity 122944K, committed 123264K, reserved 1157120K
  class space    used 14568K, capacity 16135K, committed 16256K, reserved 1048576K
Event: 15614.809 GC heap after
Heap after GC invocations=101 (full 4):
 PSYoungGen      total 180224K, used 25321K [0x00000000e0000000, 0x00000000ef280000, 0x0000000100000000)
  eden space 131072K, 0% used [0x00000000e0000000,0x00000000e0000000,0x00000000e8000000)
  from space 49152K, 51% used [0x00000000e8000000,0x00000000e98ba460,0x00000000eb000000)
  to   space 47616K, 0% used [0x00000000ec400000,0x00000000ec400000,0x00000000ef280000)
 ParOldGen       total 228864K, used 116486K [0x00000000a0000000, 0x00000000adf80000, 0x00000000e0000000)
  object space 228864K, 50% used [0x00000000a0000000,0x00000000a71c1ae8,0x00000000adf80000)
 Metaspace       used 112304K, capacity 122944K, committed 123264K, reserved 1157120K
  class space    used 14568K, capacity 16135K, committed 16256K, reserved 1048576K
}
Event: 15615.055 GC heap before
{Heap before GC invocations=102 (full 4):
 PSYoungGen      total 180224K, used 156393K [0x00000000e0000000, 0x00000000ef280000, 0x0000000100000000)
  eden space 131072K, 100% used [0x00000000e0000000,0x00000000e8000000,0x00000000e8000000)
  from space 49152K, 51% used [0x00000000e8000000,0x00000000e98ba460,0x00000000eb000000)
  to   space 47616K, 0% used [0x00000000ec400000,0x00000000ec400000,0x00000000ef280000)
 ParOldGen       total 228864K, used 116486K [0x00000000a0000000, 0x00000000adf80000, 0x00000000e0000000)
  object space 228864K, 50% used [0x00000000a0000000,0x00000000a71c1ae8,0x00000000adf80000)
 Metaspace       used 112352K, capacity 123016K, committed 123264K, reserved 1157120K
  class space    used 14568K, capacity 16135K, committed 16256K, reserved 1048576K
Event: 15615.085 GC heap after
Heap after GC invocations=102 (full 4):
 PSYoungGen      total 199680K, used 21445K [0x00000000e0000000, 0x00000000ef180000, 0x0000000100000000)
  eden space 153088K, 0% used [0x00000000e0000000,0x00000000e0000000,0x00000000e9580000)
  from space 46592K, 46% used [0x00000000ec400000,0x00000000ed8f1778,0x00000000ef180000)
  to   space 47104K, 0% used [0x00000000e9580000,0x00000000e9580000,0x00000000ec380000)
 ParOldGen       total 228864K, used 119403K [0x00000000a0000000, 0x00000000adf80000, 0x00000000e0000000)
  object space 228864K, 52% used [0x00000000a0000000,0x00000000a749acd0,0x00000000adf80000)
 Metaspace       used 112352K, capacity 123016K, committed 123264K, reserved 1157120K
  class space    used 14568K, capacity 16135K, committed 16256K, reserved 1048576K
}
Event: 15615.395 GC heap before
{Heap before GC invocations=103 (full 4):
 PSYoungGen      total 199680K, used 174533K [0x00000000e0000000, 0x00000000ef180000, 0x0000000100000000)
  eden space 153088K, 100% used [0x00000000e0000000,0x00000000e9580000,0x00000000e9580000)
  from space 46592K, 46% used [0x00000000ec400000,0x00000000ed8f1778,0x00000000ef180000)
  to   space 47104K, 0% used [0x00000000e9580000,0x00000000e9580000,0x00000000ec380000)
 ParOldGen       total 228864K, used 119403K [0x00000000a0000000, 0x00000000adf80000, 0x00000000e0000000)
  object space 228864K, 52% used [0x00000000a0000000,0x00000000a749acd0,0x00000000adf80000)
 Metaspace       used 112438K, capacity 123100K, committed 123264K, reserved 1157120K
  class space    used 14568K, capacity 16135K, committed 16256K, reserved 1048576K
Event: 15615.422 GC heap after
Heap after GC invocations=103 (full 4):
 PSYoungGen      total 200192K, used 20090K [0x00000000e0000000, 0x00000000f0900000, 0x0000000100000000)
  eden space 153088K, 0% used [0x00000000e0000000,0x00000000e0000000,0x00000000e9580000)
  from space 47104K, 42% used [0x00000000e9580000,0x00000000ea91eb10,0x00000000ec380000)
  to   space 46592K, 0% used [0x00000000edb80000,0x00000000edb80000,0x00000000f0900000)
 ParOldGen       total 228864K, used 120607K [0x00000000a0000000, 0x00000000adf80000, 0x00000000e0000000)
  object space 228864K, 52% used [0x00000000a0000000,0x00000000a75c7ce0,0x00000000adf80000)
 Metaspace       used 112438K, capacity 123100K, committed 123264K, reserved 1157120K
  class space    used 14568K, capacity 16135K, committed 16256K, reserved 1048576K
}
Event: 15615.894 GC heap before
{Heap before GC invocations=104 (full 4):
 PSYoungGen      total 200192K, used 173178K [0x00000000e0000000, 0x00000000f0900000, 0x0000000100000000)
  eden space 153088K, 100% used [0x00000000e0000000,0x00000000e9580000,0x00000000e9580000)
  from space 47104K, 42% used [0x00000000e9580000,0x00000000ea91eb10,0x00000000ec380000)
  to   space 46592K, 0% used [0x00000000edb80000,0x00000000edb80000,0x00000000f0900000)
 ParOldGen       total 228864K, used 120607K [0x00000000a0000000, 0x00000000adf80000, 0x00000000e0000000)
  object space 228864K, 52% used [0x00000000a0000000,0x00000000a75c7ce0,0x00000000adf80000)
 Metaspace       used 112518K, capacity 123172K, committed 123520K, reserved 1157120K
  class space    used 14568K, capacity 16135K, committed 16256K, reserved 1048576K
Event: 15615.937 GC heap after
Heap after GC invocations=104 (full 4):
 PSYoungGen      total 223744K, used 9857K [0x00000000e0000000, 0x00000000f0b00000, 0x0000000100000000)
  eden space 177152K, 0% used [0x00000000e0000000,0x00000000e0000000,0x00000000ead00000)
  from space 46592K, 21% used [0x00000000edb80000,0x00000000ee520448,0x00000000f0900000)
  to   space 47616K, 0% used [0x00000000ead00000,0x00000000ead00000,0x00000000edb80000)
 ParOldGen       total 228864K, used 127447K [0x00000000a0000000, 0x00000000adf80000, 0x00000000e0000000)
  object space 228864K, 55% used [0x00000000a0000000,0x00000000a7c75c88,0x00000000adf80000)
 Metaspace       used 112518K, capacity 123172K, committed 123520K, reserved 1157120K
  class space    used 14568K, capacity 16135K, committed 16256K, reserved 1048576K
}
Event: 15616.730 GC heap before
{Heap before GC invocations=105 (full 4):
 PSYoungGen      total 223744K, used 187009K [0x00000000e0000000, 0x00000000f0b00000, 0x0000000100000000)
  eden space 177152K, 100% used [0x00000000e0000000,0x00000000ead00000,0x00000000ead00000)
  from space 46592K, 21% used [0x00000000edb80000,0x00000000ee520448,0x00000000f0900000)
  to   space 47616K, 0% used [0x00000000ead00000,0x00000000ead00000,0x00000000edb80000)
 ParOldGen       total 228864K, used 127447K [0x00000000a0000000, 0x00000000adf80000, 0x00000000e0000000)
  object space 228864K, 55% used [0x00000000a0000000,0x00000000a7c75c88,0x00000000adf80000)
 Metaspace       used 112549K, capacity 123176K, committed 123520K, reserved 1157120K
  class space    used 14568K, capacity 16135K, committed 16256K, reserved 1048576K
Event: 15616.740 GC heap after
Heap after GC invocations=105 (full 4):
 PSYoungGen      total 224768K, used 1937K [0x00000000e0000000, 0x00000000f2800000, 0x0000000100000000)
  eden space 177152K, 0% used [0x00000000e0000000,0x00000000e0000000,0x00000000ead00000)
  from space 47616K, 4% used [0x00000000ead00000,0x00000000eaee44d8,0x00000000edb80000)
  to   space 49152K, 0% used [0x00000000ef800000,0x00000000ef800000,0x00000000f2800000)
 ParOldGen       total 228864K, used 132390K [0x00000000a0000000, 0x00000000adf80000, 0x00000000e0000000)
  object space 228864K, 57% used [0x00000000a0000000,0x00000000a8149920,0x00000000adf80000)
 Metaspace       used 112549K, capacity 123176K, committed 123520K, reserved 1157120K
  class space    used 14568K, capacity 16135K, committed 16256K, reserved 1048576K
}

Deoptimization events (10 events):
Event: 15617.204 Thread 0x0000000021c59800 Uncommon trap: reason=bimorphic action=maybe_recompile pc=0x000000000493851c method=java.util.Collections$UnmodifiableMap.get(Ljava/lang/Object;)Ljava/lang/Object; @ 5
Event: 15617.205 Thread 0x0000000021c59800 Uncommon trap: reason=unstable_if action=reinterpret pc=0x000000000657d890 method=com.android.ide.common.blame.SourceFile.equals(Ljava/lang/Object;)Z @ 2
Event: 15617.228 Thread 0x0000000021c59800 Uncommon trap: reason=speculate_class_check action=maybe_recompile pc=0x000000000655a8c8 method=org.gradle.internal.Try.map(Ljava/util/function/Function;)Lorg/gradle/internal/Try; @ 10
Event: 15617.233 Thread 0x0000000021c59800 Uncommon trap: reason=class_check action=maybe_recompile pc=0x0000000007d91598 method=org.gradle.api.internal.artifacts.transform.DefaultTransformerInvoker.lambda$doTransform$0(Lorg/gradle/api/internal/artifacts/transform/Transformer;Lorg/gradle/api/interniH&ÒùÄŒ@
Event: 15617.234 Thread 0x0000000021c59800 Uncommon trap: reason=class_check action=maybe_recompile pc=0x0000000003f8c27c method=org.gradle.api.internal.artifacts.transform.ImmutableTransformationWorkspaceProvider.withWorkspace(Lorg/gradle/api/internal/artifacts/transform/TransformationWorkspaceIdesàÛùÄŒ@
Event: 15617.234 Thread 0x0000000021c59800 Uncommon trap: reason=class_check action=maybe_recompile pc=0x0000000007e79bf0 method=org.gradle.api.internal.artifacts.transform.AbstractCachingTransformationWorkspaceProvider.withWorkspace(Lorg/gradle/api/internal/artifacts/transform/TransformationWorksp‡çª˜ùÄŒ@
Event: 15617.234 Thread 0x0000000021c59800 Uncommon trap: reason=class_check action=maybe_recompile pc=0x000000000577a088 method=org.gradle.internal.Try.map(Ljava/util/function/Function;)Lorg/gradle/internal/Try; @ 10
Event: 15617.234 Thread 0x0000000021c59800 Uncommon trap: reason=class_check action=maybe_recompile pc=0x00000000033e9990 method=org.gradle.internal.Try$Success.flatMap(Ljava/util/function/Function;)Lorg/gradle/internal/Try; @ 10
Event: 15617.234 Thread 0x0000000021c59800 Uncommon trap: reason=class_check action=maybe_recompile pc=0x0000000003826efc method=org.gradle.api.internal.artifacts.transform.TransformationNode$ArtifactTransformationStepBuildOperation.call(Lorg/gradle/internal/operations/BuildOperationContext;)Lorg/gPÜKûÄŒ@
Event: 15617.237 Thread 0x0000000021c59800 Uncommon trap: reason=class_check action=maybe_recompile pc=0x00000000043a329c method=org.gradle.api.internal.artifacts.transform.TransformationNode$ChainedTransformationNode.execute(Lorg/gradle/internal/operations/BuildOperationExecutor;Lorg/gradle/api/inO˘!öÄŒ@

Internal exceptions (10 events):
Event: 15613.175 Thread 0x0000000021c4d800 Implicit null exception at 0x00000000050095fe to 0x000000000500fef1
Event: 15613.225 Thread 0x0000000021c5a000 Implicit null exception at 0x0000000006fe5017 to 0x0000000006fe546d
Event: 15614.904 Thread 0x0000000021c4d800 Exception <a 'sun/nio/fs/WindowsException'> (0x00000000e303b8a8) thrown at [C:\re\workspace\8-2-build-windows-amd64-cygwin\jdk8u60\4407\hotspot\src\share\vm\prims\jni.cpp, line 709]
Event: 15615.456 Thread 0x0000000021c55000 Exception <a 'sun/nio/fs/WindowsException'> (0x00000000e0db33c0) thrown at [C:\re\workspace\8-2-build-windows-amd64-cygwin\jdk8u60\4407\hotspot\src\share\vm\prims\jni.cpp, line 709]
Event: 15616.372 Thread 0x0000000021c5a000 Exception <a 'sun/nio/fs/WindowsException'> (0x00000000e7ef35e8) thrown at [C:\re\workspace\8-2-build-windows-amd64-cygwin\jdk8u60\4407\hotspot\src\share\vm\prims\jni.cpp, line 709]
Event: 15616.522 Thread 0x0000000021c59800 Implicit null exception at 0x0000000008862794 to 0x0000000008868cf9
Event: 15617.804 Thread 0x0000000021326800 Exception <a 'sun/nio/fs/WindowsException'> (0x00000000e637c5d8) thrown at [C:\re\workspace\8-2-build-windows-amd64-cygwin\jdk8u60\4407\hotspot\src\share\vm\prims\jni.cpp, line 709]
Event: 15617.806 Thread 0x0000000021326800 Exception <a 'sun/nio/fs/WindowsException'> (0x00000000e637ce88) thrown at [C:\re\workspace\8-2-build-windows-amd64-cygwin\jdk8u60\4407\hotspot\src\share\vm\prims\jni.cpp, line 709]
Event: 15617.806 Thread 0x0000000021326800 Exception <a 'sun/nio/fs/WindowsException'> (0x00000000e637d938) thrown at [C:\re\workspace\8-2-build-windows-amd64-cygwin\jdk8u60\4407\hotspot\src\share\vm\prims\jni.cpp, line 709]
Event: 15617.923 Thread 0x0000000021326800 Exception <a 'java/lang/OutOfMemoryError'> (0x00000000e75e34a0) thrown at [C:\re\workspace\8-2-build-windows-amd64-cygwin\jdk8u60\4407\hotspot\src\share\vm\prims\jni.cpp, line 735]

Events (10 events):
Event: 15617.795 Thread 0x0000000021326800 DEOPT PACKING pc=0x0000000005943d62 sp=0x000000003619df70
Event: 15617.795 Thread 0x0000000021326800 DEOPT UNPACKING pc=0x0000000002fc787f sp=0x000000003619ddd8 mode 0
Event: 15617.828 Thread 0x0000000021326800 DEOPT PACKING pc=0x000000000878ff3e sp=0x000000003619de30
Event: 15617.828 Thread 0x0000000021326800 DEOPT UNPACKING pc=0x0000000002fc787f sp=0x000000003619dba0 mode 0
Event: 15617.838 Thread 0x0000000021326800 DEOPT PACKING pc=0x00000000080c3708 sp=0x000000003619dea0
Event: 15617.838 Thread 0x0000000021326800 DEOPT UNPACKING pc=0x0000000002fc787f sp=0x000000003619dcc8 mode 0
Event: 15617.859 Thread 0x0000000021326800 DEOPT PACKING pc=0x00000000080c3708 sp=0x000000003619dea0
Event: 15617.859 Thread 0x0000000021326800 DEOPT UNPACKING pc=0x0000000002fc787f sp=0x000000003619dcc8 mode 0
Event: 15617.865 Thread 0x0000000021326800 DEOPT PACKING pc=0x000000000878ff3e sp=0x000000003619ddf0
Event: 15617.865 Thread 0x0000000021326800 DEOPT UNPACKING pc=0x0000000002fc787f sp=0x000000003619db60 mode 0


Dynamic libraries:
0x00007ff6e8160000 - 0x00007ff6e8197000 	C:\Program Files\Java\jdk1.8.0_60\bin\java.exe
0x00007ffdfd1a0000 - 0x00007ffdfd390000 	C:\WINDOWS\SYSTEM32\ntdll.dll
0x00007ffdfba30000 - 0x00007ffdfbae2000 	C:\WINDOWS\System32\KERNEL32.DLL
0x00007ffdfafa0000 - 0x00007ffdfb244000 	C:\WINDOWS\System32\KERNELBASE.dll
0x00007ffdfc490000 - 0x00007ffdfc533000 	C:\WINDOWS\System32\ADVAPI32.dll
0x00007ffdfbc90000 - 0x00007ffdfbd2e000 	C:\WINDOWS\System32\msvcrt.dll
0x00007ffdfb340000 - 0x00007ffdfb3d7000 	C:\WINDOWS\System32\sechost.dll
0x00007ffdfc970000 - 0x00007ffdfca90000 	C:\WINDOWS\System32\RPCRT4.dll
0x00007ffdfbaf0000 - 0x00007ffdfbc85000 	C:\WINDOWS\System32\USER32.dll
0x00007ffdfaf70000 - 0x00007ffdfaf91000 	C:\WINDOWS\System32\win32u.dll
0x00007ffdfd060000 - 0x00007ffdfd086000 	C:\WINDOWS\System32\GDI32.dll
0x00007ffdfa150000 - 0x00007ffdfa2e6000 	C:\WINDOWS\System32\gdi32full.dll
0x00007ffdfabe0000 - 0x00007ffdfac7e000 	C:\WINDOWS\System32\msvcp_win.dll
0x00007ffdfaca0000 - 0x00007ffdfad9a000 	C:\WINDOWS\System32\ucrtbase.dll
0x00007ffde9b60000 - 0x00007ffde9de4000 	C:\WINDOWS\WinSxS\amd64_microsoft.windows.common-controls_6595b64144ccf1df_6.0.18362.1016_none_9e7a36bbe461dae4\COMCTL32.dll
0x00007ffdfc5a0000 - 0x00007ffdfc8d5000 	C:\WINDOWS\System32\combase.dll
0x00007ffdfada0000 - 0x00007ffdfae20000 	C:\WINDOWS\System32\bcryptPrimitives.dll
0x00007ffdfc940000 - 0x00007ffdfc96e000 	C:\WINDOWS\System32\IMM32.DLL
0x00000000510a0000 - 0x0000000051172000 	C:\Program Files\Java\jdk1.8.0_60\jre\bin\msvcr100.dll
0x0000000050810000 - 0x0000000051099000 	C:\Program Files\Java\jdk1.8.0_60\jre\bin\server\jvm.dll
0x00007ffdfb3e0000 - 0x00007ffdfb3e8000 	C:\WINDOWS\System32\PSAPI.DLL
0x00007ffdf0510000 - 0x00007ffdf0534000 	C:\WINDOWS\SYSTEM32\WINMM.dll
0x00007ffdf8190000 - 0x00007ffdf819a000 	C:\WINDOWS\SYSTEM32\VERSION.dll
0x00007ffdf82c0000 - 0x00007ffdf82c9000 	C:\WINDOWS\SYSTEM32\WSOCK32.dll
0x00007ffdf04e0000 - 0x00007ffdf050d000 	C:\WINDOWS\SYSTEM32\WINMMBASE.dll
0x00007ffdfaae0000 - 0x00007ffdfab2a000 	C:\WINDOWS\System32\cfgmgr32.dll
0x00007ffdfb7e0000 - 0x00007ffdfb84f000 	C:\WINDOWS\System32\ws2_32.DLL
0x00000000520c0000 - 0x00000000520cf000 	C:\Program Files\Java\jdk1.8.0_60\jre\bin\verify.dll
0x00000000507e0000 - 0x0000000050809000 	C:\Program Files\Java\jdk1.8.0_60\jre\bin\java.dll
0x00000000520a0000 - 0x00000000520b6000 	C:\Program Files\Java\jdk1.8.0_60\jre\bin\zip.dll
0x00007ffdfbd40000 - 0x00007ffdfc427000 	C:\WINDOWS\System32\SHELL32.dll
0x00007ffdfb400000 - 0x00007ffdfb4a9000 	C:\WINDOWS\System32\shcore.dll
0x00007ffdfa2f0000 - 0x00007ffdfaa72000 	C:\WINDOWS\System32\windows.storage.dll
0x00007ffdfa0a0000 - 0x00007ffdfa0c3000 	C:\WINDOWS\System32\profapi.dll
0x00007ffdfa0d0000 - 0x00007ffdfa11a000 	C:\WINDOWS\System32\powrprof.dll
0x00007ffdfa050000 - 0x00007ffdfa060000 	C:\WINDOWS\System32\UMPDC.dll
0x00007ffdfc430000 - 0x00007ffdfc482000 	C:\WINDOWS\System32\shlwapi.dll
0x00007ffdfa080000 - 0x00007ffdfa091000 	C:\WINDOWS\System32\kernel.appcore.dll
0x00007ffdfac80000 - 0x00007ffdfac97000 	C:\WINDOWS\System32\cryptsp.dll
0x00000000507c0000 - 0x00000000507da000 	C:\Program Files\Java\jdk1.8.0_60\jre\bin\net.dll
0x00007ffdf98b0000 - 0x00007ffdf9917000 	C:\WINDOWS\system32\mswsock.dll
0x00000000507a0000 - 0x00000000507b1000 	C:\Program Files\Java\jdk1.8.0_60\jre\bin\nio.dll
0x00007ffdd7f10000 - 0x00007ffdd7f36000 	C:\Users\Engr Onwe\.gradle\native\30\windows-amd64\native-platform.dll
0x0000000051ef0000 - 0x0000000051efd000 	C:\Program Files\Java\jdk1.8.0_60\jre\bin\management.dll
0x00007ffdf9420000 - 0x00007ffdf9453000 	C:\WINDOWS\system32\rsaenh.dll
0x00007ffdfa120000 - 0x00007ffdfa146000 	C:\WINDOWS\System32\bcrypt.dll
0x00007ffdf9f70000 - 0x00007ffdf9f95000 	C:\WINDOWS\SYSTEM32\USERENV.dll
0x00007ffdf9a80000 - 0x00007ffdf9a8c000 	C:\WINDOWS\SYSTEM32\CRYPTBASE.dll
0x00007ffdf95c0000 - 0x00007ffdf95fa000 	C:\WINDOWS\SYSTEM32\IPHLPAPI.DLL
0x00007ffdfb3f0000 - 0x00007ffdfb3f8000 	C:\WINDOWS\System32\NSI.dll
0x00007ffdf2c80000 - 0x00007ffdf2c96000 	C:\WINDOWS\SYSTEM32\dhcpcsvc6.DLL
0x00007ffdf36c0000 - 0x00007ffdf36dc000 	C:\WINDOWS\SYSTEM32\dhcpcsvc.DLL
0x00007ffdf9610000 - 0x00007ffdf96db000 	C:\WINDOWS\SYSTEM32\DNSAPI.dll
0x00007ffdf90a0000 - 0x00007ffdf90d1000 	C:\WINDOWS\SYSTEM32\ntmarta.dll
0x0000000051360000 - 0x0000000051384000 	C:\Program Files\Java\jdk1.8.0_60\jre\bin\sunec.dll
0x00007ffdf3b00000 - 0x00007ffdf3b0a000 	C:\Windows\System32\rasadhlp.dll
0x00007ffdf16a0000 - 0x00007ffdf1717000 	C:\WINDOWS\System32\fwpuclnt.dll
0x00007ffdcfe80000 - 0x00007ffdcfe96000 	C:\WINDOWS\system32\napinsp.dll
0x00007ffdcf350000 - 0x00007ffdcf36a000 	C:\WINDOWS\system32\pnrpnsp.dll
0x00007ffdf5df0000 - 0x00007ffdf5e05000 	C:\WINDOWS\system32\wshbth.dll
0x00007ffdf3b60000 - 0x00007ffdf3b7c000 	C:\WINDOWS\system32\NLAapi.dll
0x00007ffde7090000 - 0x00007ffde709e000 	C:\WINDOWS\System32\winrnr.dll

VM Arguments:
jvm_args: -Xmx1536m -Dfile.encoding=windows-1252 -Duser.country=GB -Duser.language=en -Duser.variant 
java_command: org.gradle.launcher.daemon.bootstrap.GradleDaemon 5.6.4
java_class_path (initial): C:\Users\Engr Onwe\.gradle\wrapper\dists\gradle-5.6.4-all\ankdp27end7byghfw1q2sw75f\gradle-5.6.4\lib\gradle-launcher-5.6.4.jar
Launcher Type: SUN_STANDARD

Environment Variables:
JAVA_HOME=C:\Program Files\Java\jdk1.8.0_60
PATH=C:\Program Files (x86)\Intel\Intel(R) Management Engine Components\iCLS\;C:\Program Files\Intel\Intel(R) Management Engine Components\iCLS\;C:\Windows\system32;C:\Windows;C:\Windows\System32\Wbem;C:\Windows\System32\WindowsPowerShell\v1.0\;C:\Program Files (x86)\Intel\Intel(R) Management Engine Components\DAL;C:\Program Files\Intel\Intel(R) Management Engine Components\DAL;C:\Program Files (x86)\Intel\Intel(R) Management Engine Components\IPT;C:\Program Files\Intel\Intel(R) Management Engine Components\IPT;C:\Program Files (x86)\NVIDIA Corporation\PhysX\Common;C:\Program Files\Intel\WiFi\bin\;C:\Program Files\Common Files\Intel\WirelessCommon\;C:\WINDOWS\system32;C:\WINDOWS;C:\WINDOWS\System32\Wbem;C:\WINDOWS\System32\WindowsPowerShell\v1.0\;C:\WINDOWS\System32\OpenSSH\;C:\Program Files\nodejs\;C:\ProgramData\chocolatey\bin;C:\Program Files\Microsoft VS Code\bin;C:\Program Files\Java\jdk1.8.0_60\bin;C:\Program Files\gradle-2.8\bin;C:\Users\Engr Onwe\AppData\Local\Android\Sdk;C:\Users\Engr Onwe\AppData\Local\Android\Sdk\platforms;C:\Users\Engr Onwe\AppData\Local\Android\Sdk\platform-tools;C:\Program Files (x86)\Yarn\bin\;C:\Program Files\OpenJDK\jdk-14.0.1\bin;C:\Program Files\PuTTY\;C:\Program Files\Git\cmd;C:\Users\Engr Onwe\AppData\Local\Microsoft\WindowsApps;C:\Users\Engr Onwe\AppData\Roaming\npm;C:\Users\Engr Onwe\AppData\Local\Yarn\bin
USERNAME=Engr Onwe
OS=Windows_NT
PROCESSOR_IDENTIFIER=Intel64 Family 6 Model 158 Stepping 10, GenuineIntel



---------------  S Y S T E M  ---------------

OS: Windows 10.0 , 64 bit Build 18362 (10.0.18362.959)

CPU:total 12 (6 cores per cpu, 2 threads per core) family 6 model 158 stepping 10, cmov, cx8, fxsr, mmx, sse, sse2, sse3, ssse3, sse4.1, sse4.2, popcnt, avx, avx2, aes, clmul, erms, 3dnowpref, lzcnt, ht, tsc, tscinvbit, bmi1, bmi2, adx

Memory: 4k page, physical 8239352k(158536k free), swap 23730804k(6124k free)

vm_info: Java HotSpot(TM) 64-Bit Server VM (25.60-b23) for windows-amd64 JRE (1.8.0_60-b27), built on Aug  4 2015 11:06:27 by "java_re" with MS VC++ 10.0 (VS2010)

time: Tue Sep 01 16:24:34 2020
elapsed time: 15617 seconds (0d 4h 20m 17s)

